{
  "stats": {
    "suites": 1,
    "tests": 1,
    "passes": 1,
    "pending": 0,
    "failures": 0,
    "start": "2025-01-21T07:19:47.656Z",
    "end": "2025-01-21T07:19:55.318Z",
    "duration": 7662,
    "testsRegistered": 1,
    "passPercent": 100,
    "pendingPercent": 0,
    "other": 0,
    "hasOther": false,
    "skipped": 0,
    "hasSkipped": false
  },
  "results": [
    {
      "uuid": "89f6a32c-b61e-4415-88cd-1daad235c00f",
      "title": "",
      "fullFile": "cypress/integration/joola/Start.js",
      "file": "cypress/integration/joola/Start.js",
      "beforeHooks": [],
      "afterHooks": [],
      "tests": [],
      "suites": [
        {
          "uuid": "e5c6dcfb-954b-4fb0-92ff-77fd7c437963",
          "title": "First test",
          "fullFile": "",
          "file": "",
          "beforeHooks": [],
          "afterHooks": [],
          "tests": [
            {
              "title": "login to CMS",
              "fullTitle": "First test login to CMS",
              "timedOut": null,
              "duration": 5680,
              "state": "passed",
              "speed": "medium",
              "pass": true,
              "fail": false,
              "pending": false,
              "context": null,
              "code": "const homepage = new _HomePage.default();\ncy.visit(Cypress.env('url'));\nhomepage.getLoginpageTitle().should('have.text', this.data.title);\nhomepage.getEmailfield().type(this.data.email);\nhomepage.Passwordfield().type(this.data.password);\nhomepage.SignInButton().click();",
              "err": {},
              "uuid": "cb1dfc3f-2f2a-4c5e-a923-430bb66285d6",
              "parentUUID": "e5c6dcfb-954b-4fb0-92ff-77fd7c437963",
              "isHook": false,
              "skipped": false
            }
          ],
          "suites": [],
          "passes": [
            "cb1dfc3f-2f2a-4c5e-a923-430bb66285d6"
          ],
          "failures": [],
          "pending": [],
          "skipped": [],
          "duration": 5680,
          "root": false,
          "rootEmpty": false,
          "_timeout": 2000
        }
      ],
      "passes": [],
      "failures": [],
      "pending": [],
      "skipped": [],
      "duration": 0,
      "root": true,
      "rootEmpty": true,
      "_timeout": 2000
    }
  ],
  "meta": {
    "mocha": {
      "version": "7.0.1"
    },
    "mochawesome": {
      "options": {
        "quiet": false,
        "reportFilename": "mochawesome",
        "saveHtml": true,
        "saveJson": true,
        "consoleReporter": "spec",
        "useInlineDiffs": false,
        "code": true
      },
      "version": "7.1.3"
    },
    "marge": {
      "options": {
        "reportDir": "cypress/reports",
        "overwrite": true,
        "html": true,
        "json": true
      },
      "version": "6.2.0"
    }
  }
}